The system is: Linux - 5.15.49-linuxkit - x86_64
Compiling the C compiler identification source file "CMakeCCompilerId.c" succeeded.
Compiler: /usr/bin/clang 
Build flags: 
Id flags:  

The output was:
0


Compilation of the C compiler identification source "CMakeCCompilerId.c" produced "a.out"

The C compiler identification is Clang, found in "/resource leak checker/build/CMakeFiles/3.10.2/CompilerIdC/a.out"

Compiling the CXX compiler identification source file "CMakeCXXCompilerId.cpp" succeeded.
Compiler: /usr/bin/clang++ 
Build flags: 
Id flags:  

The output was:
0


Compilation of the CXX compiler identification source "CMakeCXXCompilerId.cpp" produced "a.out"

The CXX compiler identification is Clang, found in "/resource leak checker/build/CMakeFiles/3.10.2/CompilerIdCXX/a.out"

Determining if the C compiler works passed with the following output:
Change Dir: /resource leak checker/build/CMakeFiles/CMakeTmp

Run Build Command:"/usr/bin/make" "cmTC_06379/fast"
/usr/bin/make -f CMakeFiles/cmTC_06379.dir/build.make CMakeFiles/cmTC_06379.dir/build
make[1]: Entering directory '/resource leak checker/build/CMakeFiles/CMakeTmp'
Building C object CMakeFiles/cmTC_06379.dir/testCCompiler.c.o
/usr/bin/clang    -o CMakeFiles/cmTC_06379.dir/testCCompiler.c.o   -c "/resource leak checker/build/CMakeFiles/CMakeTmp/testCCompiler.c"
Linking C executable cmTC_06379
/usr/bin/cmake -E cmake_link_script CMakeFiles/cmTC_06379.dir/link.txt --verbose=1
/usr/bin/clang      -rdynamic CMakeFiles/cmTC_06379.dir/testCCompiler.c.o  -o cmTC_06379 
make[1]: Leaving directory '/resource leak checker/build/CMakeFiles/CMakeTmp'


Detecting C compiler ABI info compiled with the following output:
Change Dir: /resource leak checker/build/CMakeFiles/CMakeTmp

Run Build Command:"/usr/bin/make" "cmTC_e96d9/fast"
/usr/bin/make -f CMakeFiles/cmTC_e96d9.dir/build.make CMakeFiles/cmTC_e96d9.dir/build
make[1]: Entering directory '/resource leak checker/build/CMakeFiles/CMakeTmp'
Building C object CMakeFiles/cmTC_e96d9.dir/CMakeCCompilerABI.c.o
/usr/bin/clang    -o CMakeFiles/cmTC_e96d9.dir/CMakeCCompilerABI.c.o   -c /usr/share/cmake-3.10/Modules/CMakeCCompilerABI.c
Linking C executable cmTC_e96d9
/usr/bin/cmake -E cmake_link_script CMakeFiles/cmTC_e96d9.dir/link.txt --verbose=1
/usr/bin/clang     -v -rdynamic CMakeFiles/cmTC_e96d9.dir/CMakeCCompilerABI.c.o  -o cmTC_e96d9 
clang version 8.0.1- (branches/release_80)
Target: x86_64-pc-linux-gnu
Thread model: posix
InstalledDir: /usr/bin
Found candidate GCC installation: /usr/bin/../lib/gcc/x86_64-linux-gnu/4.8
Found candidate GCC installation: /usr/bin/../lib/gcc/x86_64-linux-gnu/4.8.5
Found candidate GCC installation: /usr/bin/../lib/gcc/x86_64-linux-gnu/7
Found candidate GCC installation: /usr/bin/../lib/gcc/x86_64-linux-gnu/7.5.0
Found candidate GCC installation: /usr/bin/../lib/gcc/x86_64-linux-gnu/8
Found candidate GCC installation: /usr/lib/gcc/x86_64-linux-gnu/4.8
Found candidate GCC installation: /usr/lib/gcc/x86_64-linux-gnu/4.8.5
Found candidate GCC installation: /usr/lib/gcc/x86_64-linux-gnu/7
Found candidate GCC installation: /usr/lib/gcc/x86_64-linux-gnu/7.5.0
Found candidate GCC installation: /usr/lib/gcc/x86_64-linux-gnu/8
Selected GCC installation: /usr/bin/../lib/gcc/x86_64-linux-gnu/7.5.0
Candidate multilib: .;@m64
Selected multilib: .;@m64
 "/usr/bin/ld" -export-dynamic -z relro --hash-style=gnu --build-id --eh-frame-hdr -m elf_x86_64 -export-dynamic -dynamic-linker /lib64/ld-linux-x86-64.so.2 -o cmTC_e96d9 /usr/bin/../lib/gcc/x86_64-linux-gnu/7.5.0/../../../x86_64-linux-gnu/crt1.o /usr/bin/../lib/gcc/x86_64-linux-gnu/7.5.0/../../../x86_64-linux-gnu/crti.o /usr/bin/../lib/gcc/x86_64-linux-gnu/7.5.0/crtbegin.o -L/usr/bin/../lib/gcc/x86_64-linux-gnu/7.5.0 -L/usr/bin/../lib/gcc/x86_64-linux-gnu/7.5.0/../../../x86_64-linux-gnu -L/lib/x86_64-linux-gnu -L/lib/../lib64 -L/usr/lib/x86_64-linux-gnu -L/usr/bin/../lib/gcc/x86_64-linux-gnu/7.5.0/../../.. -L/usr/lib/llvm-8/bin/../lib -L/lib -L/usr/lib CMakeFiles/cmTC_e96d9.dir/CMakeCCompilerABI.c.o -lgcc --as-needed -lgcc_s --no-as-needed -lc -lgcc --as-needed -lgcc_s --no-as-needed /usr/bin/../lib/gcc/x86_64-linux-gnu/7.5.0/crtend.o /usr/bin/../lib/gcc/x86_64-linux-gnu/7.5.0/../../../x86_64-linux-gnu/crtn.o
make[1]: Leaving directory '/resource leak checker/build/CMakeFiles/CMakeTmp'


Parsed C implicit link information from above output:
  link line regex: [^( *|.*[/\])(ld|CMAKE_LINK_STARTFILE-NOTFOUND|([^/\]+-)?ld|collect2)[^/\]*( |$)]
  ignore line: [Change Dir: /resource leak checker/build/CMakeFiles/CMakeTmp]
  ignore line: []
  ignore line: [Run Build Command:"/usr/bin/make" "cmTC_e96d9/fast"]
  ignore line: [/usr/bin/make -f CMakeFiles/cmTC_e96d9.dir/build.make CMakeFiles/cmTC_e96d9.dir/build]
  ignore line: [make[1]: Entering directory '/resource leak checker/build/CMakeFiles/CMakeTmp']
  ignore line: [Building C object CMakeFiles/cmTC_e96d9.dir/CMakeCCompilerABI.c.o]
  ignore line: [/usr/bin/clang    -o CMakeFiles/cmTC_e96d9.dir/CMakeCCompilerABI.c.o   -c /usr/share/cmake-3.10/Modules/CMakeCCompilerABI.c]
  ignore line: [Linking C executable cmTC_e96d9]
  ignore line: [/usr/bin/cmake -E cmake_link_script CMakeFiles/cmTC_e96d9.dir/link.txt --verbose=1]
  ignore line: [/usr/bin/clang     -v -rdynamic CMakeFiles/cmTC_e96d9.dir/CMakeCCompilerABI.c.o  -o cmTC_e96d9 ]
  ignore line: [clang version 8.0.1- (branches/release_80)]
  ignore line: [Target: x86_64-pc-linux-gnu]
  ignore line: [Thread model: posix]
  ignore line: [InstalledDir: /usr/bin]
  ignore line: [Found candidate GCC installation: /usr/bin/../lib/gcc/x86_64-linux-gnu/4.8]
  ignore line: [Found candidate GCC installation: /usr/bin/../lib/gcc/x86_64-linux-gnu/4.8.5]
  ignore line: [Found candidate GCC installation: /usr/bin/../lib/gcc/x86_64-linux-gnu/7]
  ignore line: [Found candidate GCC installation: /usr/bin/../lib/gcc/x86_64-linux-gnu/7.5.0]
  ignore line: [Found candidate GCC installation: /usr/bin/../lib/gcc/x86_64-linux-gnu/8]
  ignore line: [Found candidate GCC installation: /usr/lib/gcc/x86_64-linux-gnu/4.8]
  ignore line: [Found candidate GCC installation: /usr/lib/gcc/x86_64-linux-gnu/4.8.5]
  ignore line: [Found candidate GCC installation: /usr/lib/gcc/x86_64-linux-gnu/7]
  ignore line: [Found candidate GCC installation: /usr/lib/gcc/x86_64-linux-gnu/7.5.0]
  ignore line: [Found candidate GCC installation: /usr/lib/gcc/x86_64-linux-gnu/8]
  ignore line: [Selected GCC installation: /usr/bin/../lib/gcc/x86_64-linux-gnu/7.5.0]
  ignore line: [Candidate multilib: .]
  ignore line: [@m64]
  ignore line: [Selected multilib: .]
  ignore line: [@m64]
  link line: [ "/usr/bin/ld" -export-dynamic -z relro --hash-style=gnu --build-id --eh-frame-hdr -m elf_x86_64 -export-dynamic -dynamic-linker /lib64/ld-linux-x86-64.so.2 -o cmTC_e96d9 /usr/bin/../lib/gcc/x86_64-linux-gnu/7.5.0/../../../x86_64-linux-gnu/crt1.o /usr/bin/../lib/gcc/x86_64-linux-gnu/7.5.0/../../../x86_64-linux-gnu/crti.o /usr/bin/../lib/gcc/x86_64-linux-gnu/7.5.0/crtbegin.o -L/usr/bin/../lib/gcc/x86_64-linux-gnu/7.5.0 -L/usr/bin/../lib/gcc/x86_64-linux-gnu/7.5.0/../../../x86_64-linux-gnu -L/lib/x86_64-linux-gnu -L/lib/../lib64 -L/usr/lib/x86_64-linux-gnu -L/usr/bin/../lib/gcc/x86_64-linux-gnu/7.5.0/../../.. -L/usr/lib/llvm-8/bin/../lib -L/lib -L/usr/lib CMakeFiles/cmTC_e96d9.dir/CMakeCCompilerABI.c.o -lgcc --as-needed -lgcc_s --no-as-needed -lc -lgcc --as-needed -lgcc_s --no-as-needed /usr/bin/../lib/gcc/x86_64-linux-gnu/7.5.0/crtend.o /usr/bin/../lib/gcc/x86_64-linux-gnu/7.5.0/../../../x86_64-linux-gnu/crtn.o]
    arg [/usr/bin/ld] ==> ignore
    arg [-export-dynamic] ==> ignore
    arg [-zrelro] ==> ignore
    arg [--hash-style=gnu] ==> ignore
    arg [--build-id] ==> ignore
    arg [--eh-frame-hdr] ==> ignore
    arg [-m] ==> ignore
    arg [elf_x86_64] ==> ignore
    arg [-export-dynamic] ==> ignore
    arg [-dynamic-linker] ==> ignore
    arg [/lib64/ld-linux-x86-64.so.2] ==> ignore
    arg [-o] ==> ignore
    arg [cmTC_e96d9] ==> ignore
    arg [/usr/bin/../lib/gcc/x86_64-linux-gnu/7.5.0/../../../x86_64-linux-gnu/crt1.o] ==> ignore
    arg [/usr/bin/../lib/gcc/x86_64-linux-gnu/7.5.0/../../../x86_64-linux-gnu/crti.o] ==> ignore
    arg [/usr/bin/../lib/gcc/x86_64-linux-gnu/7.5.0/crtbegin.o] ==> ignore
    arg [-L/usr/bin/../lib/gcc/x86_64-linux-gnu/7.5.0] ==> dir [/usr/bin/../lib/gcc/x86_64-linux-gnu/7.5.0]
    arg [-L/usr/bin/../lib/gcc/x86_64-linux-gnu/7.5.0/../../../x86_64-linux-gnu] ==> dir [/usr/bin/../lib/gcc/x86_64-linux-gnu/7.5.0/../../../x86_64-linux-gnu]
    arg [-L/lib/x86_64-linux-gnu] ==> dir [/lib/x86_64-linux-gnu]
    arg [-L/lib/../lib64] ==> dir [/lib/../lib64]
    arg [-L/usr/lib/x86_64-linux-gnu] ==> dir [/usr/lib/x86_64-linux-gnu]
    arg [-L/usr/bin/../lib/gcc/x86_64-linux-gnu/7.5.0/../../..] ==> dir [/usr/bin/../lib/gcc/x86_64-linux-gnu/7.5.0/../../..]
    arg [-L/usr/lib/llvm-8/bin/../lib] ==> dir [/usr/lib/llvm-8/bin/../lib]
    arg [-L/lib] ==> dir [/lib]
    arg [-L/usr/lib] ==> dir [/usr/lib]
    arg [CMakeFiles/cmTC_e96d9.dir/CMakeCCompilerABI.c.o] ==> ignore
    arg [-lgcc] ==> lib [gcc]
    arg [--as-needed] ==> ignore
    arg [-lgcc_s] ==> lib [gcc_s]
    arg [--no-as-needed] ==> ignore
    arg [-lc] ==> lib [c]
    arg [-lgcc] ==> lib [gcc]
    arg [--as-needed] ==> ignore
    arg [-lgcc_s] ==> lib [gcc_s]
    arg [--no-as-needed] ==> ignore
    arg [/usr/bin/../lib/gcc/x86_64-linux-gnu/7.5.0/crtend.o] ==> ignore
    arg [/usr/bin/../lib/gcc/x86_64-linux-gnu/7.5.0/../../../x86_64-linux-gnu/crtn.o] ==> ignore
  collapse library dir [/usr/bin/../lib/gcc/x86_64-linux-gnu/7.5.0] ==> [/usr/lib/gcc/x86_64-linux-gnu/7.5.0]
  collapse library dir [/usr/bin/../lib/gcc/x86_64-linux-gnu/7.5.0/../../../x86_64-linux-gnu] ==> [/usr/lib/x86_64-linux-gnu]
  collapse library dir [/lib/x86_64-linux-gnu] ==> [/lib/x86_64-linux-gnu]
  collapse library dir [/lib/../lib64] ==> [/lib64]
  collapse library dir [/usr/lib/x86_64-linux-gnu] ==> [/usr/lib/x86_64-linux-gnu]
  collapse library dir [/usr/bin/../lib/gcc/x86_64-linux-gnu/7.5.0/../../..] ==> [/usr/lib]
  collapse library dir [/usr/lib/llvm-8/bin/../lib] ==> [/usr/lib/llvm-8/lib]
  collapse library dir [/lib] ==> [/lib]
  collapse library dir [/usr/lib] ==> [/usr/lib]
  implicit libs: [gcc;gcc_s;c;gcc;gcc_s]
  implicit dirs: [/usr/lib/gcc/x86_64-linux-gnu/7.5.0;/usr/lib/x86_64-linux-gnu;/lib/x86_64-linux-gnu;/lib64;/usr/lib;/usr/lib/llvm-8/lib;/lib]
  implicit fwks: []




Detecting C [-std=c11] compiler features compiled with the following output:
Change Dir: /resource leak checker/build/CMakeFiles/CMakeTmp

Run Build Command:"/usr/bin/make" "cmTC_1403a/fast"
/usr/bin/make -f CMakeFiles/cmTC_1403a.dir/build.make CMakeFiles/cmTC_1403a.dir/build
make[1]: Entering directory '/resource leak checker/build/CMakeFiles/CMakeTmp'
Building C object CMakeFiles/cmTC_1403a.dir/feature_tests.c.o
/usr/bin/clang   -std=c11 -o CMakeFiles/cmTC_1403a.dir/feature_tests.c.o   -c "/resource leak checker/build/CMakeFiles/feature_tests.c"
Linking C executable cmTC_1403a
/usr/bin/cmake -E cmake_link_script CMakeFiles/cmTC_1403a.dir/link.txt --verbose=1
/usr/bin/clang      -rdynamic CMakeFiles/cmTC_1403a.dir/feature_tests.c.o  -o cmTC_1403a 
make[1]: Leaving directory '/resource leak checker/build/CMakeFiles/CMakeTmp'


    Feature record: C_FEATURE:1c_function_prototypes
    Feature record: C_FEATURE:1c_restrict
    Feature record: C_FEATURE:1c_static_assert
    Feature record: C_FEATURE:1c_variadic_macros


Detecting C [-std=c99] compiler features compiled with the following output:
Change Dir: /resource leak checker/build/CMakeFiles/CMakeTmp

Run Build Command:"/usr/bin/make" "cmTC_f0d01/fast"
/usr/bin/make -f CMakeFiles/cmTC_f0d01.dir/build.make CMakeFiles/cmTC_f0d01.dir/build
make[1]: Entering directory '/resource leak checker/build/CMakeFiles/CMakeTmp'
Building C object CMakeFiles/cmTC_f0d01.dir/feature_tests.c.o
/usr/bin/clang   -std=c99 -o CMakeFiles/cmTC_f0d01.dir/feature_tests.c.o   -c "/resource leak checker/build/CMakeFiles/feature_tests.c"
Linking C executable cmTC_f0d01
/usr/bin/cmake -E cmake_link_script CMakeFiles/cmTC_f0d01.dir/link.txt --verbose=1
/usr/bin/clang      -rdynamic CMakeFiles/cmTC_f0d01.dir/feature_tests.c.o  -o cmTC_f0d01 
make[1]: Leaving directory '/resource leak checker/build/CMakeFiles/CMakeTmp'


    Feature record: C_FEATURE:1c_function_prototypes
    Feature record: C_FEATURE:1c_restrict
    Feature record: C_FEATURE:0c_static_assert
    Feature record: C_FEATURE:1c_variadic_macros


Detecting C [-std=c90] compiler features compiled with the following output:
Change Dir: /resource leak checker/build/CMakeFiles/CMakeTmp

Run Build Command:"/usr/bin/make" "cmTC_da07b/fast"
/usr/bin/make -f CMakeFiles/cmTC_da07b.dir/build.make CMakeFiles/cmTC_da07b.dir/build
make[1]: Entering directory '/resource leak checker/build/CMakeFiles/CMakeTmp'
Building C object CMakeFiles/cmTC_da07b.dir/feature_tests.c.o
/usr/bin/clang   -std=c90 -o CMakeFiles/cmTC_da07b.dir/feature_tests.c.o   -c "/resource leak checker/build/CMakeFiles/feature_tests.c"
Linking C executable cmTC_da07b
/usr/bin/cmake -E cmake_link_script CMakeFiles/cmTC_da07b.dir/link.txt --verbose=1
/usr/bin/clang      -rdynamic CMakeFiles/cmTC_da07b.dir/feature_tests.c.o  -o cmTC_da07b 
make[1]: Leaving directory '/resource leak checker/build/CMakeFiles/CMakeTmp'


    Feature record: C_FEATURE:1c_function_prototypes
    Feature record: C_FEATURE:0c_restrict
    Feature record: C_FEATURE:0c_static_assert
    Feature record: C_FEATURE:0c_variadic_macros
Determining if the CXX compiler works passed with the following output:
Change Dir: /resource leak checker/build/CMakeFiles/CMakeTmp

Run Build Command:"/usr/bin/make" "cmTC_81486/fast"
/usr/bin/make -f CMakeFiles/cmTC_81486.dir/build.make CMakeFiles/cmTC_81486.dir/build
make[1]: Entering directory '/resource leak checker/build/CMakeFiles/CMakeTmp'
Building CXX object CMakeFiles/cmTC_81486.dir/testCXXCompiler.cxx.o
/usr/bin/clang++     -o CMakeFiles/cmTC_81486.dir/testCXXCompiler.cxx.o -c "/resource leak checker/build/CMakeFiles/CMakeTmp/testCXXCompiler.cxx"
Linking CXX executable cmTC_81486
/usr/bin/cmake -E cmake_link_script CMakeFiles/cmTC_81486.dir/link.txt --verbose=1
/usr/bin/clang++       -rdynamic CMakeFiles/cmTC_81486.dir/testCXXCompiler.cxx.o  -o cmTC_81486 
make[1]: Leaving directory '/resource leak checker/build/CMakeFiles/CMakeTmp'


Detecting CXX compiler ABI info compiled with the following output:
Change Dir: /resource leak checker/build/CMakeFiles/CMakeTmp

Run Build Command:"/usr/bin/make" "cmTC_55d9b/fast"
/usr/bin/make -f CMakeFiles/cmTC_55d9b.dir/build.make CMakeFiles/cmTC_55d9b.dir/build
make[1]: Entering directory '/resource leak checker/build/CMakeFiles/CMakeTmp'
Building CXX object CMakeFiles/cmTC_55d9b.dir/CMakeCXXCompilerABI.cpp.o
/usr/bin/clang++     -o CMakeFiles/cmTC_55d9b.dir/CMakeCXXCompilerABI.cpp.o -c /usr/share/cmake-3.10/Modules/CMakeCXXCompilerABI.cpp
Linking CXX executable cmTC_55d9b
/usr/bin/cmake -E cmake_link_script CMakeFiles/cmTC_55d9b.dir/link.txt --verbose=1
/usr/bin/clang++      -v -rdynamic CMakeFiles/cmTC_55d9b.dir/CMakeCXXCompilerABI.cpp.o  -o cmTC_55d9b 
clang version 8.0.1- (branches/release_80)
Target: x86_64-pc-linux-gnu
Thread model: posix
InstalledDir: /usr/bin
Found candidate GCC installation: /usr/bin/../lib/gcc/x86_64-linux-gnu/4.8
Found candidate GCC installation: /usr/bin/../lib/gcc/x86_64-linux-gnu/4.8.5
Found candidate GCC installation: /usr/bin/../lib/gcc/x86_64-linux-gnu/7
Found candidate GCC installation: /usr/bin/../lib/gcc/x86_64-linux-gnu/7.5.0
Found candidate GCC installation: /usr/bin/../lib/gcc/x86_64-linux-gnu/8
Found candidate GCC installation: /usr/lib/gcc/x86_64-linux-gnu/4.8
Found candidate GCC installation: /usr/lib/gcc/x86_64-linux-gnu/4.8.5
Found candidate GCC installation: /usr/lib/gcc/x86_64-linux-gnu/7
Found candidate GCC installation: /usr/lib/gcc/x86_64-linux-gnu/7.5.0
Found candidate GCC installation: /usr/lib/gcc/x86_64-linux-gnu/8
Selected GCC installation: /usr/bin/../lib/gcc/x86_64-linux-gnu/7.5.0
Candidate multilib: .;@m64
Selected multilib: .;@m64
 "/usr/bin/ld" -export-dynamic -z relro --hash-style=gnu --build-id --eh-frame-hdr -m elf_x86_64 -export-dynamic -dynamic-linker /lib64/ld-linux-x86-64.so.2 -o cmTC_55d9b /usr/bin/../lib/gcc/x86_64-linux-gnu/7.5.0/../../../x86_64-linux-gnu/crt1.o /usr/bin/../lib/gcc/x86_64-linux-gnu/7.5.0/../../../x86_64-linux-gnu/crti.o /usr/bin/../lib/gcc/x86_64-linux-gnu/7.5.0/crtbegin.o -L/usr/bin/../lib/gcc/x86_64-linux-gnu/7.5.0 -L/usr/bin/../lib/gcc/x86_64-linux-gnu/7.5.0/../../../x86_64-linux-gnu -L/lib/x86_64-linux-gnu -L/lib/../lib64 -L/usr/lib/x86_64-linux-gnu -L/usr/bin/../lib/gcc/x86_64-linux-gnu/7.5.0/../../.. -L/usr/lib/llvm-8/bin/../lib -L/lib -L/usr/lib CMakeFiles/cmTC_55d9b.dir/CMakeCXXCompilerABI.cpp.o -lstdc++ -lm -lgcc_s -lgcc -lc -lgcc_s -lgcc /usr/bin/../lib/gcc/x86_64-linux-gnu/7.5.0/crtend.o /usr/bin/../lib/gcc/x86_64-linux-gnu/7.5.0/../../../x86_64-linux-gnu/crtn.o
make[1]: Leaving directory '/resource leak checker/build/CMakeFiles/CMakeTmp'


Parsed CXX implicit link information from above output:
  link line regex: [^( *|.*[/\])(ld|CMAKE_LINK_STARTFILE-NOTFOUND|([^/\]+-)?ld|collect2)[^/\]*( |$)]
  ignore line: [Change Dir: /resource leak checker/build/CMakeFiles/CMakeTmp]
  ignore line: []
  ignore line: [Run Build Command:"/usr/bin/make" "cmTC_55d9b/fast"]
  ignore line: [/usr/bin/make -f CMakeFiles/cmTC_55d9b.dir/build.make CMakeFiles/cmTC_55d9b.dir/build]
  ignore line: [make[1]: Entering directory '/resource leak checker/build/CMakeFiles/CMakeTmp']
  ignore line: [Building CXX object CMakeFiles/cmTC_55d9b.dir/CMakeCXXCompilerABI.cpp.o]
  ignore line: [/usr/bin/clang++     -o CMakeFiles/cmTC_55d9b.dir/CMakeCXXCompilerABI.cpp.o -c /usr/share/cmake-3.10/Modules/CMakeCXXCompilerABI.cpp]
  ignore line: [Linking CXX executable cmTC_55d9b]
  ignore line: [/usr/bin/cmake -E cmake_link_script CMakeFiles/cmTC_55d9b.dir/link.txt --verbose=1]
  ignore line: [/usr/bin/clang++      -v -rdynamic CMakeFiles/cmTC_55d9b.dir/CMakeCXXCompilerABI.cpp.o  -o cmTC_55d9b ]
  ignore line: [clang version 8.0.1- (branches/release_80)]
  ignore line: [Target: x86_64-pc-linux-gnu]
  ignore line: [Thread model: posix]
  ignore line: [InstalledDir: /usr/bin]
  ignore line: [Found candidate GCC installation: /usr/bin/../lib/gcc/x86_64-linux-gnu/4.8]
  ignore line: [Found candidate GCC installation: /usr/bin/../lib/gcc/x86_64-linux-gnu/4.8.5]
  ignore line: [Found candidate GCC installation: /usr/bin/../lib/gcc/x86_64-linux-gnu/7]
  ignore line: [Found candidate GCC installation: /usr/bin/../lib/gcc/x86_64-linux-gnu/7.5.0]
  ignore line: [Found candidate GCC installation: /usr/bin/../lib/gcc/x86_64-linux-gnu/8]
  ignore line: [Found candidate GCC installation: /usr/lib/gcc/x86_64-linux-gnu/4.8]
  ignore line: [Found candidate GCC installation: /usr/lib/gcc/x86_64-linux-gnu/4.8.5]
  ignore line: [Found candidate GCC installation: /usr/lib/gcc/x86_64-linux-gnu/7]
  ignore line: [Found candidate GCC installation: /usr/lib/gcc/x86_64-linux-gnu/7.5.0]
  ignore line: [Found candidate GCC installation: /usr/lib/gcc/x86_64-linux-gnu/8]
  ignore line: [Selected GCC installation: /usr/bin/../lib/gcc/x86_64-linux-gnu/7.5.0]
  ignore line: [Candidate multilib: .]
  ignore line: [@m64]
  ignore line: [Selected multilib: .]
  ignore line: [@m64]
  link line: [ "/usr/bin/ld" -export-dynamic -z relro --hash-style=gnu --build-id --eh-frame-hdr -m elf_x86_64 -export-dynamic -dynamic-linker /lib64/ld-linux-x86-64.so.2 -o cmTC_55d9b /usr/bin/../lib/gcc/x86_64-linux-gnu/7.5.0/../../../x86_64-linux-gnu/crt1.o /usr/bin/../lib/gcc/x86_64-linux-gnu/7.5.0/../../../x86_64-linux-gnu/crti.o /usr/bin/../lib/gcc/x86_64-linux-gnu/7.5.0/crtbegin.o -L/usr/bin/../lib/gcc/x86_64-linux-gnu/7.5.0 -L/usr/bin/../lib/gcc/x86_64-linux-gnu/7.5.0/../../../x86_64-linux-gnu -L/lib/x86_64-linux-gnu -L/lib/../lib64 -L/usr/lib/x86_64-linux-gnu -L/usr/bin/../lib/gcc/x86_64-linux-gnu/7.5.0/../../.. -L/usr/lib/llvm-8/bin/../lib -L/lib -L/usr/lib CMakeFiles/cmTC_55d9b.dir/CMakeCXXCompilerABI.cpp.o -lstdc++ -lm -lgcc_s -lgcc -lc -lgcc_s -lgcc /usr/bin/../lib/gcc/x86_64-linux-gnu/7.5.0/crtend.o /usr/bin/../lib/gcc/x86_64-linux-gnu/7.5.0/../../../x86_64-linux-gnu/crtn.o]
    arg [/usr/bin/ld] ==> ignore
    arg [-export-dynamic] ==> ignore
    arg [-zrelro] ==> ignore
    arg [--hash-style=gnu] ==> ignore
    arg [--build-id] ==> ignore
    arg [--eh-frame-hdr] ==> ignore
    arg [-m] ==> ignore
    arg [elf_x86_64] ==> ignore
    arg [-export-dynamic] ==> ignore
    arg [-dynamic-linker] ==> ignore
    arg [/lib64/ld-linux-x86-64.so.2] ==> ignore
    arg [-o] ==> ignore
    arg [cmTC_55d9b] ==> ignore
    arg [/usr/bin/../lib/gcc/x86_64-linux-gnu/7.5.0/../../../x86_64-linux-gnu/crt1.o] ==> ignore
    arg [/usr/bin/../lib/gcc/x86_64-linux-gnu/7.5.0/../../../x86_64-linux-gnu/crti.o] ==> ignore
    arg [/usr/bin/../lib/gcc/x86_64-linux-gnu/7.5.0/crtbegin.o] ==> ignore
    arg [-L/usr/bin/../lib/gcc/x86_64-linux-gnu/7.5.0] ==> dir [/usr/bin/../lib/gcc/x86_64-linux-gnu/7.5.0]
    arg [-L/usr/bin/../lib/gcc/x86_64-linux-gnu/7.5.0/../../../x86_64-linux-gnu] ==> dir [/usr/bin/../lib/gcc/x86_64-linux-gnu/7.5.0/../../../x86_64-linux-gnu]
    arg [-L/lib/x86_64-linux-gnu] ==> dir [/lib/x86_64-linux-gnu]
    arg [-L/lib/../lib64] ==> dir [/lib/../lib64]
    arg [-L/usr/lib/x86_64-linux-gnu] ==> dir [/usr/lib/x86_64-linux-gnu]
    arg [-L/usr/bin/../lib/gcc/x86_64-linux-gnu/7.5.0/../../..] ==> dir [/usr/bin/../lib/gcc/x86_64-linux-gnu/7.5.0/../../..]
    arg [-L/usr/lib/llvm-8/bin/../lib] ==> dir [/usr/lib/llvm-8/bin/../lib]
    arg [-L/lib] ==> dir [/lib]
    arg [-L/usr/lib] ==> dir [/usr/lib]
    arg [CMakeFiles/cmTC_55d9b.dir/CMakeCXXCompilerABI.cpp.o] ==> ignore
    arg [-lstdc++] ==> lib [stdc++]
    arg [-lm] ==> lib [m]
    arg [-lgcc_s] ==> lib [gcc_s]
    arg [-lgcc] ==> lib [gcc]
    arg [-lc] ==> lib [c]
    arg [-lgcc_s] ==> lib [gcc_s]
    arg [-lgcc] ==> lib [gcc]
    arg [/usr/bin/../lib/gcc/x86_64-linux-gnu/7.5.0/crtend.o] ==> ignore
    arg [/usr/bin/../lib/gcc/x86_64-linux-gnu/7.5.0/../../../x86_64-linux-gnu/crtn.o] ==> ignore
  collapse library dir [/usr/bin/../lib/gcc/x86_64-linux-gnu/7.5.0] ==> [/usr/lib/gcc/x86_64-linux-gnu/7.5.0]
  collapse library dir [/usr/bin/../lib/gcc/x86_64-linux-gnu/7.5.0/../../../x86_64-linux-gnu] ==> [/usr/lib/x86_64-linux-gnu]
  collapse library dir [/lib/x86_64-linux-gnu] ==> [/lib/x86_64-linux-gnu]
  collapse library dir [/lib/../lib64] ==> [/lib64]
  collapse library dir [/usr/lib/x86_64-linux-gnu] ==> [/usr/lib/x86_64-linux-gnu]
  collapse library dir [/usr/bin/../lib/gcc/x86_64-linux-gnu/7.5.0/../../..] ==> [/usr/lib]
  collapse library dir [/usr/lib/llvm-8/bin/../lib] ==> [/usr/lib/llvm-8/lib]
  collapse library dir [/lib] ==> [/lib]
  collapse library dir [/usr/lib] ==> [/usr/lib]
  implicit libs: [stdc++;m;gcc_s;gcc;c;gcc_s;gcc]
  implicit dirs: [/usr/lib/gcc/x86_64-linux-gnu/7.5.0;/usr/lib/x86_64-linux-gnu;/lib/x86_64-linux-gnu;/lib64;/usr/lib;/usr/lib/llvm-8/lib;/lib]
  implicit fwks: []




Detecting CXX [-std=c++1z] compiler features compiled with the following output:
Change Dir: /resource leak checker/build/CMakeFiles/CMakeTmp

Run Build Command:"/usr/bin/make" "cmTC_d517c/fast"
/usr/bin/make -f CMakeFiles/cmTC_d517c.dir/build.make CMakeFiles/cmTC_d517c.dir/build
make[1]: Entering directory '/resource leak checker/build/CMakeFiles/CMakeTmp'
Building CXX object CMakeFiles/cmTC_d517c.dir/feature_tests.cxx.o
/usr/bin/clang++    -std=c++1z -o CMakeFiles/cmTC_d517c.dir/feature_tests.cxx.o -c "/resource leak checker/build/CMakeFiles/feature_tests.cxx"
Linking CXX executable cmTC_d517c
/usr/bin/cmake -E cmake_link_script CMakeFiles/cmTC_d517c.dir/link.txt --verbose=1
/usr/bin/clang++       -rdynamic CMakeFiles/cmTC_d517c.dir/feature_tests.cxx.o  -o cmTC_d517c 
make[1]: Leaving directory '/resource leak checker/build/CMakeFiles/CMakeTmp'


    Feature record: CXX_FEATURE:1cxx_aggregate_default_initializers
    Feature record: CXX_FEATURE:1cxx_alias_templates
    Feature record: CXX_FEATURE:1cxx_alignas
    Feature record: CXX_FEATURE:1cxx_alignof
    Feature record: CXX_FEATURE:1cxx_attributes
    Feature record: CXX_FEATURE:1cxx_attribute_deprecated
    Feature record: CXX_FEATURE:1cxx_auto_type
    Feature record: CXX_FEATURE:1cxx_binary_literals
    Feature record: CXX_FEATURE:1cxx_constexpr
    Feature record: CXX_FEATURE:1cxx_contextual_conversions
    Feature record: CXX_FEATURE:1cxx_decltype
    Feature record: CXX_FEATURE:1cxx_decltype_auto
    Feature record: CXX_FEATURE:1cxx_decltype_incomplete_return_types
    Feature record: CXX_FEATURE:1cxx_default_function_template_args
    Feature record: CXX_FEATURE:1cxx_defaulted_functions
    Feature record: CXX_FEATURE:1cxx_defaulted_move_initializers
    Feature record: CXX_FEATURE:1cxx_delegating_constructors
    Feature record: CXX_FEATURE:1cxx_deleted_functions
    Feature record: CXX_FEATURE:1cxx_digit_separators
    Feature record: CXX_FEATURE:1cxx_enum_forward_declarations
    Feature record: CXX_FEATURE:1cxx_explicit_conversions
    Feature record: CXX_FEATURE:1cxx_extended_friend_declarations
    Feature record: CXX_FEATURE:1cxx_extern_templates
    Feature record: CXX_FEATURE:1cxx_final
    Feature record: CXX_FEATURE:1cxx_func_identifier
    Feature record: CXX_FEATURE:1cxx_generalized_initializers
    Feature record: CXX_FEATURE:1cxx_generic_lambdas
    Feature record: CXX_FEATURE:1cxx_inheriting_constructors
    Feature record: CXX_FEATURE:1cxx_inline_namespaces
    Feature record: CXX_FEATURE:1cxx_lambdas
    Feature record: CXX_FEATURE:1cxx_lambda_init_captures
    Feature record: CXX_FEATURE:1cxx_local_type_template_args
    Feature record: CXX_FEATURE:1cxx_long_long_type
    Feature record: CXX_FEATURE:1cxx_noexcept
    Feature record: CXX_FEATURE:1cxx_nonstatic_member_init
    Feature record: CXX_FEATURE:1cxx_nullptr
    Feature record: CXX_FEATURE:1cxx_override
    Feature record: CXX_FEATURE:1cxx_range_for
    Feature record: CXX_FEATURE:1cxx_raw_string_literals
    Feature record: CXX_FEATURE:1cxx_reference_qualified_functions
    Feature record: CXX_FEATURE:1cxx_relaxed_constexpr
    Feature record: CXX_FEATURE:1cxx_return_type_deduction
    Feature record: CXX_FEATURE:1cxx_right_angle_brackets
    Feature record: CXX_FEATURE:1cxx_rvalue_references
    Feature record: CXX_FEATURE:1cxx_sizeof_member
    Feature record: CXX_FEATURE:1cxx_static_assert
    Feature record: CXX_FEATURE:1cxx_strong_enums
    Feature record: CXX_FEATURE:1cxx_template_template_parameters
    Feature record: CXX_FEATURE:1cxx_thread_local
    Feature record: CXX_FEATURE:1cxx_trailing_return_types
    Feature record: CXX_FEATURE:1cxx_unicode_literals
    Feature record: CXX_FEATURE:1cxx_uniform_initialization
    Feature record: CXX_FEATURE:1cxx_unrestricted_unions
    Feature record: CXX_FEATURE:1cxx_user_literals
    Feature record: CXX_FEATURE:1cxx_variable_templates
    Feature record: CXX_FEATURE:1cxx_variadic_macros
    Feature record: CXX_FEATURE:1cxx_variadic_templates


Detecting CXX [-std=c++14] compiler features compiled with the following output:
Change Dir: /resource leak checker/build/CMakeFiles/CMakeTmp

Run Build Command:"/usr/bin/make" "cmTC_24230/fast"
/usr/bin/make -f CMakeFiles/cmTC_24230.dir/build.make CMakeFiles/cmTC_24230.dir/build
make[1]: Entering directory '/resource leak checker/build/CMakeFiles/CMakeTmp'
Building CXX object CMakeFiles/cmTC_24230.dir/feature_tests.cxx.o
/usr/bin/clang++    -std=c++14 -o CMakeFiles/cmTC_24230.dir/feature_tests.cxx.o -c "/resource leak checker/build/CMakeFiles/feature_tests.cxx"
Linking CXX executable cmTC_24230
/usr/bin/cmake -E cmake_link_script CMakeFiles/cmTC_24230.dir/link.txt --verbose=1
/usr/bin/clang++       -rdynamic CMakeFiles/cmTC_24230.dir/feature_tests.cxx.o  -o cmTC_24230 
make[1]: Leaving directory '/resource leak checker/build/CMakeFiles/CMakeTmp'


    Feature record: CXX_FEATURE:1cxx_aggregate_default_initializers
    Feature record: CXX_FEATURE:1cxx_alias_templates
    Feature record: CXX_FEATURE:1cxx_alignas
    Feature record: CXX_FEATURE:1cxx_alignof
    Feature record: CXX_FEATURE:1cxx_attributes
    Feature record: CXX_FEATURE:1cxx_attribute_deprecated
    Feature record: CXX_FEATURE:1cxx_auto_type
    Feature record: CXX_FEATURE:1cxx_binary_literals
    Feature record: CXX_FEATURE:1cxx_constexpr
    Feature record: CXX_FEATURE:1cxx_contextual_conversions
    Feature record: CXX_FEATURE:1cxx_decltype
    Feature record: CXX_FEATURE:1cxx_decltype_auto
    Feature record: CXX_FEATURE:1cxx_decltype_incomplete_return_types
    Feature record: CXX_FEATURE:1cxx_default_function_template_args
    Feature record: CXX_FEATURE:1cxx_defaulted_functions
    Feature record: CXX_FEATURE:1cxx_defaulted_move_initializers
    Feature record: CXX_FEATURE:1cxx_delegating_constructors
    Feature record: CXX_FEATURE:1cxx_deleted_functions
    Feature record: CXX_FEATURE:1cxx_digit_separators
    Feature record: CXX_FEATURE:1cxx_enum_forward_declarations
    Feature record: CXX_FEATURE:1cxx_explicit_conversions
    Feature record: CXX_FEATURE:1cxx_extended_friend_declarations
    Feature record: CXX_FEATURE:1cxx_extern_templates
    Feature record: CXX_FEATURE:1cxx_final
    Feature record: CXX_FEATURE:1cxx_func_identifier
    Feature record: CXX_FEATURE:1cxx_generalized_initializers
    Feature record: CXX_FEATURE:1cxx_generic_lambdas
    Feature record: CXX_FEATURE:1cxx_inheriting_constructors
    Feature record: CXX_FEATURE:1cxx_inline_namespaces
    Feature record: CXX_FEATURE:1cxx_lambdas
    Feature record: CXX_FEATURE:1cxx_lambda_init_captures
    Feature record: CXX_FEATURE:1cxx_local_type_template_args
    Feature record: CXX_FEATURE:1cxx_long_long_type
    Feature record: CXX_FEATURE:1cxx_noexcept
    Feature record: CXX_FEATURE:1cxx_nonstatic_member_init
    Feature record: CXX_FEATURE:1cxx_nullptr
    Feature record: CXX_FEATURE:1cxx_override
    Feature record: CXX_FEATURE:1cxx_range_for
    Feature record: CXX_FEATURE:1cxx_raw_string_literals
    Feature record: CXX_FEATURE:1cxx_reference_qualified_functions
    Feature record: CXX_FEATURE:1cxx_relaxed_constexpr
    Feature record: CXX_FEATURE:1cxx_return_type_deduction
    Feature record: CXX_FEATURE:1cxx_right_angle_brackets
    Feature record: CXX_FEATURE:1cxx_rvalue_references
    Feature record: CXX_FEATURE:1cxx_sizeof_member
    Feature record: CXX_FEATURE:1cxx_static_assert
    Feature record: CXX_FEATURE:1cxx_strong_enums
    Feature record: CXX_FEATURE:1cxx_template_template_parameters
    Feature record: CXX_FEATURE:1cxx_thread_local
    Feature record: CXX_FEATURE:1cxx_trailing_return_types
    Feature record: CXX_FEATURE:1cxx_unicode_literals
    Feature record: CXX_FEATURE:1cxx_uniform_initialization
    Feature record: CXX_FEATURE:1cxx_unrestricted_unions
    Feature record: CXX_FEATURE:1cxx_user_literals
    Feature record: CXX_FEATURE:1cxx_variable_templates
    Feature record: CXX_FEATURE:1cxx_variadic_macros
    Feature record: CXX_FEATURE:1cxx_variadic_templates


Detecting CXX [-std=c++11] compiler features compiled with the following output:
Change Dir: /resource leak checker/build/CMakeFiles/CMakeTmp

Run Build Command:"/usr/bin/make" "cmTC_aeaa4/fast"
/usr/bin/make -f CMakeFiles/cmTC_aeaa4.dir/build.make CMakeFiles/cmTC_aeaa4.dir/build
make[1]: Entering directory '/resource leak checker/build/CMakeFiles/CMakeTmp'
Building CXX object CMakeFiles/cmTC_aeaa4.dir/feature_tests.cxx.o
/usr/bin/clang++    -std=c++11 -o CMakeFiles/cmTC_aeaa4.dir/feature_tests.cxx.o -c "/resource leak checker/build/CMakeFiles/feature_tests.cxx"
Linking CXX executable cmTC_aeaa4
/usr/bin/cmake -E cmake_link_script CMakeFiles/cmTC_aeaa4.dir/link.txt --verbose=1
/usr/bin/clang++       -rdynamic CMakeFiles/cmTC_aeaa4.dir/feature_tests.cxx.o  -o cmTC_aeaa4 
make[1]: Leaving directory '/resource leak checker/build/CMakeFiles/CMakeTmp'


    Feature record: CXX_FEATURE:0cxx_aggregate_default_initializers
    Feature record: CXX_FEATURE:1cxx_alias_templates
    Feature record: CXX_FEATURE:1cxx_alignas
    Feature record: CXX_FEATURE:1cxx_alignof
    Feature record: CXX_FEATURE:1cxx_attributes
    Feature record: CXX_FEATURE:0cxx_attribute_deprecated
    Feature record: CXX_FEATURE:1cxx_auto_type
    Feature record: CXX_FEATURE:0cxx_binary_literals
    Feature record: CXX_FEATURE:1cxx_constexpr
    Feature record: CXX_FEATURE:0cxx_contextual_conversions
    Feature record: CXX_FEATURE:1cxx_decltype
    Feature record: CXX_FEATURE:0cxx_decltype_auto
    Feature record: CXX_FEATURE:1cxx_decltype_incomplete_return_types
    Feature record: CXX_FEATURE:1cxx_default_function_template_args
    Feature record: CXX_FEATURE:1cxx_defaulted_functions
    Feature record: CXX_FEATURE:1cxx_defaulted_move_initializers
    Feature record: CXX_FEATURE:1cxx_delegating_constructors
    Feature record: CXX_FEATURE:1cxx_deleted_functions
    Feature record: CXX_FEATURE:0cxx_digit_separators
    Feature record: CXX_FEATURE:1cxx_enum_forward_declarations
    Feature record: CXX_FEATURE:1cxx_explicit_conversions
    Feature record: CXX_FEATURE:1cxx_extended_friend_declarations
    Feature record: CXX_FEATURE:1cxx_extern_templates
    Feature record: CXX_FEATURE:1cxx_final
    Feature record: CXX_FEATURE:1cxx_func_identifier
    Feature record: CXX_FEATURE:1cxx_generalized_initializers
    Feature record: CXX_FEATURE:0cxx_generic_lambdas
    Feature record: CXX_FEATURE:1cxx_inheriting_constructors
    Feature record: CXX_FEATURE:1cxx_inline_namespaces
    Feature record: CXX_FEATURE:1cxx_lambdas
    Feature record: CXX_FEATURE:0cxx_lambda_init_captures
    Feature record: CXX_FEATURE:1cxx_local_type_template_args
    Feature record: CXX_FEATURE:1cxx_long_long_type
    Feature record: CXX_FEATURE:1cxx_noexcept
    Feature record: CXX_FEATURE:1cxx_nonstatic_member_init
    Feature record: CXX_FEATURE:1cxx_nullptr
    Feature record: CXX_FEATURE:1cxx_override
    Feature record: CXX_FEATURE:1cxx_range_for
    Feature record: CXX_FEATURE:1cxx_raw_string_literals
    Feature record: CXX_FEATURE:1cxx_reference_qualified_functions
    Feature record: CXX_FEATURE:0cxx_relaxed_constexpr
    Feature record: CXX_FEATURE:0cxx_return_type_deduction
    Feature record: CXX_FEATURE:1cxx_right_angle_brackets
    Feature record: CXX_FEATURE:1cxx_rvalue_references
    Feature record: CXX_FEATURE:1cxx_sizeof_member
    Feature record: CXX_FEATURE:1cxx_static_assert
    Feature record: CXX_FEATURE:1cxx_strong_enums
    Feature record: CXX_FEATURE:1cxx_template_template_parameters
    Feature record: CXX_FEATURE:1cxx_thread_local
    Feature record: CXX_FEATURE:1cxx_trailing_return_types
    Feature record: CXX_FEATURE:1cxx_unicode_literals
    Feature record: CXX_FEATURE:1cxx_uniform_initialization
    Feature record: CXX_FEATURE:1cxx_unrestricted_unions
    Feature record: CXX_FEATURE:1cxx_user_literals
    Feature record: CXX_FEATURE:0cxx_variable_templates
    Feature record: CXX_FEATURE:1cxx_variadic_macros
    Feature record: CXX_FEATURE:1cxx_variadic_templates


Detecting CXX [-std=c++98] compiler features compiled with the following output:
Change Dir: /resource leak checker/build/CMakeFiles/CMakeTmp

Run Build Command:"/usr/bin/make" "cmTC_8a273/fast"
/usr/bin/make -f CMakeFiles/cmTC_8a273.dir/build.make CMakeFiles/cmTC_8a273.dir/build
make[1]: Entering directory '/resource leak checker/build/CMakeFiles/CMakeTmp'
Building CXX object CMakeFiles/cmTC_8a273.dir/feature_tests.cxx.o
/usr/bin/clang++    -std=c++98 -o CMakeFiles/cmTC_8a273.dir/feature_tests.cxx.o -c "/resource leak checker/build/CMakeFiles/feature_tests.cxx"
Linking CXX executable cmTC_8a273
/usr/bin/cmake -E cmake_link_script CMakeFiles/cmTC_8a273.dir/link.txt --verbose=1
/usr/bin/clang++       -rdynamic CMakeFiles/cmTC_8a273.dir/feature_tests.cxx.o  -o cmTC_8a273 
make[1]: Leaving directory '/resource leak checker/build/CMakeFiles/CMakeTmp'


    Feature record: CXX_FEATURE:0cxx_aggregate_default_initializers
    Feature record: CXX_FEATURE:0cxx_alias_templates
    Feature record: CXX_FEATURE:0cxx_alignas
    Feature record: CXX_FEATURE:0cxx_alignof
    Feature record: CXX_FEATURE:0cxx_attributes
    Feature record: CXX_FEATURE:0cxx_attribute_deprecated
    Feature record: CXX_FEATURE:0cxx_auto_type
    Feature record: CXX_FEATURE:0cxx_binary_literals
    Feature record: CXX_FEATURE:0cxx_constexpr
    Feature record: CXX_FEATURE:0cxx_contextual_conversions
    Feature record: CXX_FEATURE:0cxx_decltype
    Feature record: CXX_FEATURE:0cxx_decltype_auto
    Feature record: CXX_FEATURE:0cxx_decltype_incomplete_return_types
    Feature record: CXX_FEATURE:0cxx_default_function_template_args
    Feature record: CXX_FEATURE:0cxx_defaulted_functions
    Feature record: CXX_FEATURE:0cxx_defaulted_move_initializers
    Feature record: CXX_FEATURE:0cxx_delegating_constructors
    Feature record: CXX_FEATURE:0cxx_deleted_functions
    Feature record: CXX_FEATURE:0cxx_digit_separators
    Feature record: CXX_FEATURE:0cxx_enum_forward_declarations
    Feature record: CXX_FEATURE:0cxx_explicit_conversions
    Feature record: CXX_FEATURE:0cxx_extended_friend_declarations
    Feature record: CXX_FEATURE:0cxx_extern_templates
    Feature record: CXX_FEATURE:0cxx_final
    Feature record: CXX_FEATURE:0cxx_func_identifier
    Feature record: CXX_FEATURE:0cxx_generalized_initializers
    Feature record: CXX_FEATURE:0cxx_generic_lambdas
    Feature record: CXX_FEATURE:0cxx_inheriting_constructors
    Feature record: CXX_FEATURE:0cxx_inline_namespaces
    Feature record: CXX_FEATURE:0cxx_lambdas
    Feature record: CXX_FEATURE:0cxx_lambda_init_captures
    Feature record: CXX_FEATURE:0cxx_local_type_template_args
    Feature record: CXX_FEATURE:0cxx_long_long_type
    Feature record: CXX_FEATURE:0cxx_noexcept
    Feature record: CXX_FEATURE:0cxx_nonstatic_member_init
    Feature record: CXX_FEATURE:0cxx_nullptr
    Feature record: CXX_FEATURE:0cxx_override
    Feature record: CXX_FEATURE:0cxx_range_for
    Feature record: CXX_FEATURE:0cxx_raw_string_literals
    Feature record: CXX_FEATURE:0cxx_reference_qualified_functions
    Feature record: CXX_FEATURE:0cxx_relaxed_constexpr
    Feature record: CXX_FEATURE:0cxx_return_type_deduction
    Feature record: CXX_FEATURE:0cxx_right_angle_brackets
    Feature record: CXX_FEATURE:0cxx_rvalue_references
    Feature record: CXX_FEATURE:0cxx_sizeof_member
    Feature record: CXX_FEATURE:0cxx_static_assert
    Feature record: CXX_FEATURE:0cxx_strong_enums
    Feature record: CXX_FEATURE:1cxx_template_template_parameters
    Feature record: CXX_FEATURE:0cxx_thread_local
    Feature record: CXX_FEATURE:0cxx_trailing_return_types
    Feature record: CXX_FEATURE:0cxx_unicode_literals
    Feature record: CXX_FEATURE:0cxx_uniform_initialization
    Feature record: CXX_FEATURE:0cxx_unrestricted_unions
    Feature record: CXX_FEATURE:0cxx_user_literals
    Feature record: CXX_FEATURE:0cxx_variable_templates
    Feature record: CXX_FEATURE:0cxx_variadic_macros
    Feature record: CXX_FEATURE:0cxx_variadic_templates
Performing C++ SOURCE FILE Test LLVM_LIBSTDCXX_MIN succeeded with the following output:
Change Dir: /resource leak checker/build/CMakeFiles/CMakeTmp

Run Build Command:"/usr/bin/make" "cmTC_3969a/fast"
/usr/bin/make -f CMakeFiles/cmTC_3969a.dir/build.make CMakeFiles/cmTC_3969a.dir/build
make[1]: Entering directory '/resource leak checker/build/CMakeFiles/CMakeTmp'
Building CXX object CMakeFiles/cmTC_3969a.dir/src.cxx.o
/usr/bin/clang++    -DLLVM_LIBSTDCXX_MIN  -std=c++0x   -o CMakeFiles/cmTC_3969a.dir/src.cxx.o -c "/resource leak checker/build/CMakeFiles/CMakeTmp/src.cxx"
Linking CXX executable cmTC_3969a
/usr/bin/cmake -E cmake_link_script CMakeFiles/cmTC_3969a.dir/link.txt --verbose=1
/usr/bin/clang++   -DLLVM_LIBSTDCXX_MIN  -std=c++0x    CMakeFiles/cmTC_3969a.dir/src.cxx.o  -o cmTC_3969a 
make[1]: Leaving directory '/resource leak checker/build/CMakeFiles/CMakeTmp'

Source file was:

#include <iosfwd>
#if defined(__GLIBCXX__)
#if __GLIBCXX__ < 20130322
#error Unsupported libstdc++ version
#endif
#endif
int main() { return 0; }

Performing C++ SOURCE FILE Test LLVM_LIBSTDCXX_SOFT_ERROR succeeded with the following output:
Change Dir: /resource leak checker/build/CMakeFiles/CMakeTmp

Run Build Command:"/usr/bin/make" "cmTC_2941d/fast"
/usr/bin/make -f CMakeFiles/cmTC_2941d.dir/build.make CMakeFiles/cmTC_2941d.dir/build
make[1]: Entering directory '/resource leak checker/build/CMakeFiles/CMakeTmp'
Building CXX object CMakeFiles/cmTC_2941d.dir/src.cxx.o
/usr/bin/clang++    -DLLVM_LIBSTDCXX_SOFT_ERROR  -std=c++0x   -o CMakeFiles/cmTC_2941d.dir/src.cxx.o -c "/resource leak checker/build/CMakeFiles/CMakeTmp/src.cxx"
Linking CXX executable cmTC_2941d
/usr/bin/cmake -E cmake_link_script CMakeFiles/cmTC_2941d.dir/link.txt --verbose=1
/usr/bin/clang++   -DLLVM_LIBSTDCXX_SOFT_ERROR  -std=c++0x    CMakeFiles/cmTC_2941d.dir/src.cxx.o  -o cmTC_2941d 
make[1]: Leaving directory '/resource leak checker/build/CMakeFiles/CMakeTmp'

Source file was:

#include <iosfwd>
#if defined(__GLIBCXX__)
#if __GLIBCXX__ < 20150422
#error Unsupported libstdc++ version
#endif
#endif
int main() { return 0; }

Performing C SOURCE FILE Test C_SUPPORTS_FPIC succeeded with the following output:
Change Dir: /resource leak checker/build/CMakeFiles/CMakeTmp

Run Build Command:"/usr/bin/make" "cmTC_d9729/fast"
/usr/bin/make -f CMakeFiles/cmTC_d9729.dir/build.make CMakeFiles/cmTC_d9729.dir/build
make[1]: Entering directory '/resource leak checker/build/CMakeFiles/CMakeTmp'
Building C object CMakeFiles/cmTC_d9729.dir/src.c.o
/usr/bin/clang   -DC_SUPPORTS_FPIC   -Werror -fPIC -o CMakeFiles/cmTC_d9729.dir/src.c.o   -c "/resource leak checker/build/CMakeFiles/CMakeTmp/src.c"
Linking C executable cmTC_d9729
/usr/bin/cmake -E cmake_link_script CMakeFiles/cmTC_d9729.dir/link.txt --verbose=1
/usr/bin/clang  -DC_SUPPORTS_FPIC    CMakeFiles/cmTC_d9729.dir/src.c.o  -o cmTC_d9729 
make[1]: Leaving directory '/resource leak checker/build/CMakeFiles/CMakeTmp'

Source file was:
int main(void) { return 0; }
Performing C++ SOURCE FILE Test CXX_SUPPORTS_FPIC succeeded with the following output:
Change Dir: /resource leak checker/build/CMakeFiles/CMakeTmp

Run Build Command:"/usr/bin/make" "cmTC_4008c/fast"
/usr/bin/make -f CMakeFiles/cmTC_4008c.dir/build.make CMakeFiles/cmTC_4008c.dir/build
make[1]: Entering directory '/resource leak checker/build/CMakeFiles/CMakeTmp'
Building CXX object CMakeFiles/cmTC_4008c.dir/src.cxx.o
/usr/bin/clang++    -DCXX_SUPPORTS_FPIC   -Werror -fPIC -o CMakeFiles/cmTC_4008c.dir/src.cxx.o -c "/resource leak checker/build/CMakeFiles/CMakeTmp/src.cxx"
Linking CXX executable cmTC_4008c
/usr/bin/cmake -E cmake_link_script CMakeFiles/cmTC_4008c.dir/link.txt --verbose=1
/usr/bin/clang++   -DCXX_SUPPORTS_FPIC    CMakeFiles/cmTC_4008c.dir/src.cxx.o  -o cmTC_4008c 
make[1]: Leaving directory '/resource leak checker/build/CMakeFiles/CMakeTmp'

Source file was:
int main() { return 0; }
Performing C++ SOURCE FILE Test SUPPORTS_FVISIBILITY_INLINES_HIDDEN_FLAG succeeded with the following output:
Change Dir: /resource leak checker/build/CMakeFiles/CMakeTmp

Run Build Command:"/usr/bin/make" "cmTC_2d116/fast"
/usr/bin/make -f CMakeFiles/cmTC_2d116.dir/build.make CMakeFiles/cmTC_2d116.dir/build
make[1]: Entering directory '/resource leak checker/build/CMakeFiles/CMakeTmp'
Building CXX object CMakeFiles/cmTC_2d116.dir/src.cxx.o
/usr/bin/clang++    -fPIC -DSUPPORTS_FVISIBILITY_INLINES_HIDDEN_FLAG   -fvisibility-inlines-hidden -o CMakeFiles/cmTC_2d116.dir/src.cxx.o -c "/resource leak checker/build/CMakeFiles/CMakeTmp/src.cxx"
Linking CXX executable cmTC_2d116
/usr/bin/cmake -E cmake_link_script CMakeFiles/cmTC_2d116.dir/link.txt --verbose=1
/usr/bin/clang++   -fPIC -DSUPPORTS_FVISIBILITY_INLINES_HIDDEN_FLAG    CMakeFiles/cmTC_2d116.dir/src.cxx.o  -o cmTC_2d116 
make[1]: Leaving directory '/resource leak checker/build/CMakeFiles/CMakeTmp'

Source file was:
int main() { return 0; }
Performing C SOURCE FILE Test C_SUPPORTS_WERROR_DATE_TIME succeeded with the following output:
Change Dir: /resource leak checker/build/CMakeFiles/CMakeTmp

Run Build Command:"/usr/bin/make" "cmTC_69675/fast"
/usr/bin/make -f CMakeFiles/cmTC_69675.dir/build.make CMakeFiles/cmTC_69675.dir/build
make[1]: Entering directory '/resource leak checker/build/CMakeFiles/CMakeTmp'
Building C object CMakeFiles/cmTC_69675.dir/src.c.o
/usr/bin/clang   -fPIC -DC_SUPPORTS_WERROR_DATE_TIME   -Werror -Werror=date-time -o CMakeFiles/cmTC_69675.dir/src.c.o   -c "/resource leak checker/build/CMakeFiles/CMakeTmp/src.c"
Linking C executable cmTC_69675
/usr/bin/cmake -E cmake_link_script CMakeFiles/cmTC_69675.dir/link.txt --verbose=1
/usr/bin/clang  -fPIC -DC_SUPPORTS_WERROR_DATE_TIME    CMakeFiles/cmTC_69675.dir/src.c.o  -o cmTC_69675 
make[1]: Leaving directory '/resource leak checker/build/CMakeFiles/CMakeTmp'

Source file was:
int main(void) { return 0; }
Performing C++ SOURCE FILE Test CXX_SUPPORTS_WERROR_DATE_TIME succeeded with the following output:
Change Dir: /resource leak checker/build/CMakeFiles/CMakeTmp

Run Build Command:"/usr/bin/make" "cmTC_e7034/fast"
/usr/bin/make -f CMakeFiles/cmTC_e7034.dir/build.make CMakeFiles/cmTC_e7034.dir/build
make[1]: Entering directory '/resource leak checker/build/CMakeFiles/CMakeTmp'
Building CXX object CMakeFiles/cmTC_e7034.dir/src.cxx.o
/usr/bin/clang++    -fPIC -fvisibility-inlines-hidden -DCXX_SUPPORTS_WERROR_DATE_TIME   -Werror -Werror=date-time -o CMakeFiles/cmTC_e7034.dir/src.cxx.o -c "/resource leak checker/build/CMakeFiles/CMakeTmp/src.cxx"
Linking CXX executable cmTC_e7034
/usr/bin/cmake -E cmake_link_script CMakeFiles/cmTC_e7034.dir/link.txt --verbose=1
/usr/bin/clang++   -fPIC -fvisibility-inlines-hidden -DCXX_SUPPORTS_WERROR_DATE_TIME    CMakeFiles/cmTC_e7034.dir/src.cxx.o  -o cmTC_e7034 
make[1]: Leaving directory '/resource leak checker/build/CMakeFiles/CMakeTmp'

Source file was:
int main() { return 0; }
Performing C SOURCE FILE Test C_SUPPORTS_WERROR_UNGUARDED_AVAILABILITY_NEW succeeded with the following output:
Change Dir: /resource leak checker/build/CMakeFiles/CMakeTmp

Run Build Command:"/usr/bin/make" "cmTC_aea91/fast"
/usr/bin/make -f CMakeFiles/cmTC_aea91.dir/build.make CMakeFiles/cmTC_aea91.dir/build
make[1]: Entering directory '/resource leak checker/build/CMakeFiles/CMakeTmp'
Building C object CMakeFiles/cmTC_aea91.dir/src.c.o
/usr/bin/clang   -fPIC -Werror=date-time -DC_SUPPORTS_WERROR_UNGUARDED_AVAILABILITY_NEW   -Werror -Werror=unguarded-availability-new -o CMakeFiles/cmTC_aea91.dir/src.c.o   -c "/resource leak checker/build/CMakeFiles/CMakeTmp/src.c"
Linking C executable cmTC_aea91
/usr/bin/cmake -E cmake_link_script CMakeFiles/cmTC_aea91.dir/link.txt --verbose=1
/usr/bin/clang  -fPIC -Werror=date-time -DC_SUPPORTS_WERROR_UNGUARDED_AVAILABILITY_NEW    CMakeFiles/cmTC_aea91.dir/src.c.o  -o cmTC_aea91 
make[1]: Leaving directory '/resource leak checker/build/CMakeFiles/CMakeTmp'

Source file was:
int main(void) { return 0; }
Performing C++ SOURCE FILE Test CXX_SUPPORTS_WERROR_UNGUARDED_AVAILABILITY_NEW succeeded with the following output:
Change Dir: /resource leak checker/build/CMakeFiles/CMakeTmp

Run Build Command:"/usr/bin/make" "cmTC_c2673/fast"
/usr/bin/make -f CMakeFiles/cmTC_c2673.dir/build.make CMakeFiles/cmTC_c2673.dir/build
make[1]: Entering directory '/resource leak checker/build/CMakeFiles/CMakeTmp'
Building CXX object CMakeFiles/cmTC_c2673.dir/src.cxx.o
/usr/bin/clang++    -fPIC -fvisibility-inlines-hidden -Werror=date-time -DCXX_SUPPORTS_WERROR_UNGUARDED_AVAILABILITY_NEW   -Werror -Werror=unguarded-availability-new -o CMakeFiles/cmTC_c2673.dir/src.cxx.o -c "/resource leak checker/build/CMakeFiles/CMakeTmp/src.cxx"
Linking CXX executable cmTC_c2673
/usr/bin/cmake -E cmake_link_script CMakeFiles/cmTC_c2673.dir/link.txt --verbose=1
/usr/bin/clang++   -fPIC -fvisibility-inlines-hidden -Werror=date-time -DCXX_SUPPORTS_WERROR_UNGUARDED_AVAILABILITY_NEW    CMakeFiles/cmTC_c2673.dir/src.cxx.o  -o cmTC_c2673 
make[1]: Leaving directory '/resource leak checker/build/CMakeFiles/CMakeTmp'

Source file was:
int main() { return 0; }
Performing C++ SOURCE FILE Test CXX_SUPPORTS_CXX11 succeeded with the following output:
Change Dir: /resource leak checker/build/CMakeFiles/CMakeTmp

Run Build Command:"/usr/bin/make" "cmTC_552b9/fast"
/usr/bin/make -f CMakeFiles/cmTC_552b9.dir/build.make CMakeFiles/cmTC_552b9.dir/build
make[1]: Entering directory '/resource leak checker/build/CMakeFiles/CMakeTmp'
Building CXX object CMakeFiles/cmTC_552b9.dir/src.cxx.o
/usr/bin/clang++    -fPIC -fvisibility-inlines-hidden -Werror=date-time -Werror=unguarded-availability-new -DCXX_SUPPORTS_CXX11   -std=c++11 -o CMakeFiles/cmTC_552b9.dir/src.cxx.o -c "/resource leak checker/build/CMakeFiles/CMakeTmp/src.cxx"
Linking CXX executable cmTC_552b9
/usr/bin/cmake -E cmake_link_script CMakeFiles/cmTC_552b9.dir/link.txt --verbose=1
/usr/bin/clang++   -fPIC -fvisibility-inlines-hidden -Werror=date-time -Werror=unguarded-availability-new -DCXX_SUPPORTS_CXX11    CMakeFiles/cmTC_552b9.dir/src.cxx.o  -o cmTC_552b9 
make[1]: Leaving directory '/resource leak checker/build/CMakeFiles/CMakeTmp'

Source file was:
int main() { return 0; }
Performing C SOURCE FILE Test C_SUPPORTS_FNO_FUNCTION_SECTIONS succeeded with the following output:
Change Dir: /resource leak checker/build/CMakeFiles/CMakeTmp

Run Build Command:"/usr/bin/make" "cmTC_8bce5/fast"
/usr/bin/make -f CMakeFiles/cmTC_8bce5.dir/build.make CMakeFiles/cmTC_8bce5.dir/build
make[1]: Entering directory '/resource leak checker/build/CMakeFiles/CMakeTmp'
Building C object CMakeFiles/cmTC_8bce5.dir/src.c.o
/usr/bin/clang   -fPIC -Werror=date-time -Werror=unguarded-availability-new -w -DC_SUPPORTS_FNO_FUNCTION_SECTIONS   -Werror -fno-function-sections -o CMakeFiles/cmTC_8bce5.dir/src.c.o   -c "/resource leak checker/build/CMakeFiles/CMakeTmp/src.c"
Linking C executable cmTC_8bce5
/usr/bin/cmake -E cmake_link_script CMakeFiles/cmTC_8bce5.dir/link.txt --verbose=1
/usr/bin/clang  -fPIC -Werror=date-time -Werror=unguarded-availability-new -w -DC_SUPPORTS_FNO_FUNCTION_SECTIONS    CMakeFiles/cmTC_8bce5.dir/src.c.o  -o cmTC_8bce5 
make[1]: Leaving directory '/resource leak checker/build/CMakeFiles/CMakeTmp'

Source file was:
int main(void) { return 0; }
Performing C SOURCE FILE Test C_SUPPORTS_FFUNCTION_SECTIONS succeeded with the following output:
Change Dir: /resource leak checker/build/CMakeFiles/CMakeTmp

Run Build Command:"/usr/bin/make" "cmTC_80bd7/fast"
/usr/bin/make -f CMakeFiles/cmTC_80bd7.dir/build.make CMakeFiles/cmTC_80bd7.dir/build
make[1]: Entering directory '/resource leak checker/build/CMakeFiles/CMakeTmp'
Building C object CMakeFiles/cmTC_80bd7.dir/src.c.o
/usr/bin/clang   -fPIC -Werror=date-time -Werror=unguarded-availability-new -w -DC_SUPPORTS_FFUNCTION_SECTIONS   -Werror -ffunction-sections -o CMakeFiles/cmTC_80bd7.dir/src.c.o   -c "/resource leak checker/build/CMakeFiles/CMakeTmp/src.c"
Linking C executable cmTC_80bd7
/usr/bin/cmake -E cmake_link_script CMakeFiles/cmTC_80bd7.dir/link.txt --verbose=1
/usr/bin/clang  -fPIC -Werror=date-time -Werror=unguarded-availability-new -w -DC_SUPPORTS_FFUNCTION_SECTIONS    CMakeFiles/cmTC_80bd7.dir/src.c.o  -o cmTC_80bd7 
make[1]: Leaving directory '/resource leak checker/build/CMakeFiles/CMakeTmp'

Source file was:
int main(void) { return 0; }
Performing C++ SOURCE FILE Test CXX_SUPPORTS_FFUNCTION_SECTIONS succeeded with the following output:
Change Dir: /resource leak checker/build/CMakeFiles/CMakeTmp

Run Build Command:"/usr/bin/make" "cmTC_f321e/fast"
/usr/bin/make -f CMakeFiles/cmTC_f321e.dir/build.make CMakeFiles/cmTC_f321e.dir/build
make[1]: Entering directory '/resource leak checker/build/CMakeFiles/CMakeTmp'
Building CXX object CMakeFiles/cmTC_f321e.dir/src.cxx.o
/usr/bin/clang++    -fPIC -fvisibility-inlines-hidden -Werror=date-time -Werror=unguarded-availability-new -std=c++11 -w -DCXX_SUPPORTS_FFUNCTION_SECTIONS   -Werror -ffunction-sections -o CMakeFiles/cmTC_f321e.dir/src.cxx.o -c "/resource leak checker/build/CMakeFiles/CMakeTmp/src.cxx"
Linking CXX executable cmTC_f321e
/usr/bin/cmake -E cmake_link_script CMakeFiles/cmTC_f321e.dir/link.txt --verbose=1
/usr/bin/clang++   -fPIC -fvisibility-inlines-hidden -Werror=date-time -Werror=unguarded-availability-new -std=c++11 -w -DCXX_SUPPORTS_FFUNCTION_SECTIONS    CMakeFiles/cmTC_f321e.dir/src.cxx.o  -o cmTC_f321e 
make[1]: Leaving directory '/resource leak checker/build/CMakeFiles/CMakeTmp'

Source file was:
int main() { return 0; }
Performing C SOURCE FILE Test C_SUPPORTS_FDATA_SECTIONS succeeded with the following output:
Change Dir: /resource leak checker/build/CMakeFiles/CMakeTmp

Run Build Command:"/usr/bin/make" "cmTC_f0f5b/fast"
/usr/bin/make -f CMakeFiles/cmTC_f0f5b.dir/build.make CMakeFiles/cmTC_f0f5b.dir/build
make[1]: Entering directory '/resource leak checker/build/CMakeFiles/CMakeTmp'
Building C object CMakeFiles/cmTC_f0f5b.dir/src.c.o
/usr/bin/clang   -fPIC -Werror=date-time -Werror=unguarded-availability-new -w -ffunction-sections -DC_SUPPORTS_FDATA_SECTIONS   -Werror -fdata-sections -o CMakeFiles/cmTC_f0f5b.dir/src.c.o   -c "/resource leak checker/build/CMakeFiles/CMakeTmp/src.c"
Linking C executable cmTC_f0f5b
/usr/bin/cmake -E cmake_link_script CMakeFiles/cmTC_f0f5b.dir/link.txt --verbose=1
/usr/bin/clang  -fPIC -Werror=date-time -Werror=unguarded-availability-new -w -ffunction-sections -DC_SUPPORTS_FDATA_SECTIONS    CMakeFiles/cmTC_f0f5b.dir/src.c.o  -o cmTC_f0f5b 
make[1]: Leaving directory '/resource leak checker/build/CMakeFiles/CMakeTmp'

Source file was:
int main(void) { return 0; }
Performing C++ SOURCE FILE Test CXX_SUPPORTS_FDATA_SECTIONS succeeded with the following output:
Change Dir: /resource leak checker/build/CMakeFiles/CMakeTmp

Run Build Command:"/usr/bin/make" "cmTC_49f82/fast"
/usr/bin/make -f CMakeFiles/cmTC_49f82.dir/build.make CMakeFiles/cmTC_49f82.dir/build
make[1]: Entering directory '/resource leak checker/build/CMakeFiles/CMakeTmp'
Building CXX object CMakeFiles/cmTC_49f82.dir/src.cxx.o
/usr/bin/clang++    -fPIC -fvisibility-inlines-hidden -Werror=date-time -Werror=unguarded-availability-new -std=c++11 -w -ffunction-sections -DCXX_SUPPORTS_FDATA_SECTIONS   -Werror -fdata-sections -o CMakeFiles/cmTC_49f82.dir/src.cxx.o -c "/resource leak checker/build/CMakeFiles/CMakeTmp/src.cxx"
Linking CXX executable cmTC_49f82
/usr/bin/cmake -E cmake_link_script CMakeFiles/cmTC_49f82.dir/link.txt --verbose=1
/usr/bin/clang++   -fPIC -fvisibility-inlines-hidden -Werror=date-time -Werror=unguarded-availability-new -std=c++11 -w -ffunction-sections -DCXX_SUPPORTS_FDATA_SECTIONS    CMakeFiles/cmTC_49f82.dir/src.cxx.o  -o cmTC_49f82 
make[1]: Leaving directory '/resource leak checker/build/CMakeFiles/CMakeTmp'

Source file was:
int main() { return 0; }
